#
# A fatal error has been detected by the Java Runtime Environment:
#
#  EXCEPTION_ACCESS_VIOLATION (0xc0000005) at pc=0x00007ffb6865be25, pid=17944, tid=27304
#
# JRE version: OpenJDK Runtime Environment (17.0.7+7) (build 17.0.7+7-LTS)
# Java VM: OpenJDK 64-Bit Server VM (17.0.7+7-LTS, mixed mode, sharing, tiered, compressed oops, compressed class ptrs, g1 gc, windows-amd64)
# Problematic frame:
# V  [jvm.dll+0x53be25]
#
# No core dump will be written. Minidumps are not enabled by default on client versions of Windows
#
# If you would like to submit a bug report, please visit:
#   https://bell-sw.com/support
#

---------------  S U M M A R Y ------------

Command Line: -Dclassworlds.conf=C:\Users\trevh\.m2\wrapper\dists\apache-maven-3.9.9\977a63e90f436cd6ade95b4c0e10c20c\bin\m2.conf -Dmaven.home=C:\Users\trevh\.m2\wrapper\dists\apache-maven-3.9.9\977a63e90f436cd6ade95b4c0e10c20c -Dlibrary.jansi.path=C:\Users\trevh\.m2\wrapper\dists\apache-maven-3.9.9\977a63e90f436cd6ade95b4c0e10c20c\lib\jansi-native -Dmaven.multiModuleProjectDirectory=C:\Terapia\TerapiaBackend org.codehaus.plexus.classworlds.launcher.Launcher clean package -DskipTests

Host: 11th Gen Intel(R) Core(TM) i5-11400H @ 2.70GHz, 12 cores, 23G,  Windows 11 , 64 bit Build 26100 (10.0.26100.3912)
Time: Wed Apr 30 22:27:10 2025 Hora est. Sudamérica Pacífico elapsed time: 7.525173 seconds (0d 0h 0m 7s)

---------------  T H R E A D  ---------------

Current thread (0x00000249b11c6040):  JavaThread "C2 CompilerThread1" daemon [_thread_in_native, id=27304, stack(0x000000aa36900000,0x000000aa36a00000)]


Current CompileTask:
C2:   7525 9503       4       com.sun.tools.javac.main.DelegatingJavaFileManager::inferBinaryName (13 bytes)

Stack: [0x000000aa36900000,0x000000aa36a00000],  sp=0x000000aa369fb5f0,  free space=1005k
Native frames: (J=compiled Java code, j=interpreted, Vv=VM code, C=native code)
V  [jvm.dll+0x53be25]
V  [jvm.dll+0x53c6e5]
V  [jvm.dll+0x31b4be]
V  [jvm.dll+0x31a8ca]
V  [jvm.dll+0x20aaf5]
V  [jvm.dll+0x20a087]
V  [jvm.dll+0x19a07d]
V  [jvm.dll+0x21947d]
V  [jvm.dll+0x2176c4]
V  [jvm.dll+0x7b78ab]
V  [jvm.dll+0x7b1e5a]
V  [jvm.dll+0x649f65]
C  [ucrtbase.dll+0x37b0]
C  [KERNEL32.DLL+0x2e8d7]
C  [ntdll.dll+0x9c5dc]


siginfo: EXCEPTION_ACCESS_VIOLATION (0xc0000005), reading address 0x00000251b1b33a48


Register to memory mapping:

RIP=0x00007ffb6865be25 jvm.dll
RAX=0x00000249b1b33a50 points into unknown readable memory: 0x0000000000000000 | 00 00 00 00 00 00 00 00
RBX=0x000000aa369fb9e0 is pointing into the stack for thread: 0x00000249b11c6040
RCX=0x000000aa369fb9e0 is pointing into the stack for thread: 0x00000249b11c6040
RDX=0x00000249b4f06dc0 points into unknown readable memory: 0x0000000000000000 | 00 00 00 00 00 00 00 00
RSP=0x000000aa369fb5f0 is pointing into the stack for thread: 0x00000249b11c6040
RBP=0x000000aa369fb6d8 is pointing into the stack for thread: 0x00000249b11c6040
RSI=0x00000249b4638c40 points into unknown readable memory: 0x0000001400000012 | 12 00 00 00 14 00 00 00
RDI=0x0000000000000008 is an unknown value
R8 =0x00000249b4638c40 points into unknown readable memory: 0x0000001400000012 | 12 00 00 00 14 00 00 00
R9 =0x000000aa369fb6d8 is pointing into the stack for thread: 0x00000249b11c6040
R10=0x0000009fffffff60 is an unknown value
R11=0x00000000ffffffff is an unknown value
R12=0x00000249b4f06dc0 points into unknown readable memory: 0x0000000000000000 | 00 00 00 00 00 00 00 00
R13=0x000000aa369fb9e0 is pointing into the stack for thread: 0x00000249b11c6040
R14=0x00000249b4f06dc0 points into unknown readable memory: 0x0000000000000000 | 00 00 00 00 00 00 00 00
R15=0x000002e9b5ea7c00 is an unknown value


Registers:
RAX=0x00000249b1b33a50, RBX=0x000000aa369fb9e0, RCX=0x000000aa369fb9e0, RDX=0x00000249b4f06dc0
RSP=0x000000aa369fb5f0, RBP=0x000000aa369fb6d8, RSI=0x00000249b4638c40, RDI=0x0000000000000008
R8 =0x00000249b4638c40, R9 =0x000000aa369fb6d8, R10=0x0000009fffffff60, R11=0x00000000ffffffff
R12=0x00000249b4f06dc0, R13=0x000000aa369fb9e0, R14=0x00000249b4f06dc0, R15=0x000002e9b5ea7c00
RIP=0x00007ffb6865be25, EFLAGS=0x0000000000010206

Top of Stack: (sp=0x000000aa369fb5f0)
0x000000aa369fb5f0:   00000000000013f7 0400000000000000
0x000000aa369fb600:   0000000000000002 0000000000000000
0x000000aa369fb610:   0000000000000000 00000004000013f7
0x000000aa369fb620:   00000249b653dd50 00007ffb68475571
0x000000aa369fb630:   000000aa369fe5e0 00000000000012bc
0x000000aa369fb640:   00000249b1b3da38 00000249b653dd50
0x000000aa369fb650:   00000000000012bc 0000000000000000
0x000000aa369fb660:   00000249b4f26be0 0000000000000001
0x000000aa369fb670:   0000000000000008 00000249b4638c40
0x000000aa369fb680:   000000aa369fb9e0 00007ffb6865c6e5
0x000000aa369fb690:   000002e9b652ceb0 00000249b4f06dc0
0x000000aa369fb6a0:   00000249b4638c40 000000aa369fb6d8
0x000000aa369fb6b0:   00000249b1736c60 00000249b6213da0
0x000000aa369fb6c0:   0000000000324958 00000249b6213df0
0x000000aa369fb6d0:   00000249b621bd88 00007ffb00000010
0x000000aa369fb6e0:   00000249b463ca00 0000000000000010 

Instructions: (pc=0x00007ffb6865be25)
0x00007ffb6865bd25:   10 4c 89 67 18 4c 89 6f 20 48 8b 8c 24 e0 00 00
0x00007ffb6865bd35:   00 48 33 cc e8 e2 bb 31 00 48 81 c4 f8 00 00 00
0x00007ffb6865bd45:   41 5f 41 5e 41 5d 41 5c 5f 5e 5d 5b c3 cc cc cc
0x00007ffb6865bd55:   cc cc cc cc cc cc cc cc cc cc cc 48 8b 12 e9 d8
0x00007ffb6865bd65:   61 e2 ff cc cc cc cc cc cc cc cc 48 89 5c 24 08
0x00007ffb6865bd75:   48 89 6c 24 10 48 89 74 24 18 57 48 83 ec 20 48
0x00007ffb6865bd85:   8b da 49 8b f1 ba 0a 00 00 00 49 8b f8 48 8b e9
0x00007ffb6865bd95:   e8 a6 06 13 00 33 c0 48 89 5d 40 48 8b 5c 24 30
0x00007ffb6865bda5:   48 89 45 10 48 89 45 18 0f b6 44 24 50 88 45 60
0x00007ffb6865bdb5:   48 8b c5 48 89 75 58 48 8b 74 24 40 48 89 7d 48
0x00007ffb6865bdc5:   48 8b 6c 24 38 48 83 c4 20 5f c3 4c 89 4c 24 20
0x00007ffb6865bdd5:   48 89 54 24 10 53 55 57 41 54 41 55 48 83 ec 70
0x00007ffb6865bde5:   8b 42 4c 49 8b e9 ff c8 48 89 74 24 68 44 8b d8
0x00007ffb6865bdf5:   49 8b f0 4c 89 7c 24 58 4c 8b e2 4c 8b 79 10 4c
0x00007ffb6865be05:   8b e9 4c 8d 14 80 48 8b 41 20 49 c1 e2 05 49 03
0x00007ffb6865be15:   c2 4d 03 fa 48 89 84 24 a0 00 00 00 48 8b 41 28
0x00007ffb6865be25:   4a 8b 1c d8 48 89 9c 24 b0 00 00 00 48 85 db 74
0x00007ffb6865be35:   05 48 8b fb eb 08 e8 30 0e 00 00 48 8b f8 83 3e
0x00007ffb6865be45:   00 0f 84 7f 01 00 00 48 8b 46 08 4c 8d 05 81 df
0x00007ffb6865be55:   60 00 8b 4e 04 33 d2 4c 8b a4 24 a0 00 00 00 8b
0x00007ffb6865be65:   da 48 89 54 24 20 89 54 24 28 48 89 54 24 38 48
0x00007ffb6865be75:   89 44 24 40 48 c7 44 24 2c 04 00 00 00 89 4c 24
0x00007ffb6865be85:   34 48 89 74 24 48 4c 89 74 24 60 48 85 d2 74 19
0x00007ffb6865be95:   48 0f bc c2 8b c8 48 d3 ea 48 ff ca 03 d8 48 89
0x00007ffb6865bea5:   54 24 20 89 5c 24 28 eb 28 83 7c 24 2c 04 72 0e
0x00007ffb6865beb5:   8b 44 24 34 39 44 24 30 0f 83 eb 00 00 00 48 8d
0x00007ffb6865bec5:   4c 24 20 e8 c3 94 e1 ff 8b d8 4c 8d 05 02 df 60
0x00007ffb6865bed5:   00 85 db 0f 84 d0 00 00 00 8b c3 48 c1 e8 08 8b
0x00007ffb6865bee5:   f3 4c 8d 34 c5 00 00 00 00 49 8b 47 08 49 8b 14
0x00007ffb6865bef5:   06 49 3b d0 75 14 8b d3 49 8b cf e8 9b 96 e1 ff
0x00007ffb6865bf05:   48 8b d0 4c 8d 05 c9 de 60 00 40 0f b6 ce bd 01
0x00007ffb6865bf15:   00 00 00 48 c1 ee 06 80 e1 3f 83 e6 03 48 d3 e5 


Stack slot to memory mapping:
stack at sp + 0 slots: 0x00000000000013f7 is an unknown value
stack at sp + 1 slots: 0x0400000000000000 is an unknown value
stack at sp + 2 slots: 0x0000000000000002 is an unknown value
stack at sp + 3 slots: 0x0 is NULL
stack at sp + 4 slots: 0x0 is NULL
stack at sp + 5 slots: 0x00000004000013f7 is an unknown value
stack at sp + 6 slots: 0x00000249b653dd50 points into unknown readable memory: 0x0000001300000006 | 06 00 00 00 13 00 00 00
stack at sp + 7 slots: 0x00007ffb68475571 jvm.dll


---------------  P R O C E S S  ---------------

Threads class SMR info:
_java_thread_list=0x00000249b34a6cf0, length=15, elements={
0x00000249849eb1b0, 0x00000249ac5c7580, 0x00000249ac5ca140, 0x00000249ac5dbed0,
0x00000249ac5dc880, 0x00000249ac5dd230, 0x00000249ac5ddbe0, 0x00000249aca440a0,
0x00000249aca5db70, 0x00000249aca62980, 0x00000249acb97b50, 0x00000249acb9ae10,
0x00000249b11c6040, 0x00000249b1603bc0, 0x00000249b33e22c0
}

Java Threads: ( => current thread )
  0x00000249849eb1b0 JavaThread "main" [_thread_in_native, id=19056, stack(0x000000aa35600000,0x000000aa35700000)]
  0x00000249ac5c7580 JavaThread "Reference Handler" daemon [_thread_blocked, id=32064, stack(0x000000aa35d00000,0x000000aa35e00000)]
  0x00000249ac5ca140 JavaThread "Finalizer" daemon [_thread_blocked, id=28312, stack(0x000000aa35e00000,0x000000aa35f00000)]
  0x00000249ac5dbed0 JavaThread "Signal Dispatcher" daemon [_thread_blocked, id=21584, stack(0x000000aa35f00000,0x000000aa36000000)]
  0x00000249ac5dc880 JavaThread "Attach Listener" daemon [_thread_blocked, id=30900, stack(0x000000aa36000000,0x000000aa36100000)]
  0x00000249ac5dd230 JavaThread "Service Thread" daemon [_thread_blocked, id=22976, stack(0x000000aa36100000,0x000000aa36200000)]
  0x00000249ac5ddbe0 JavaThread "Monitor Deflation Thread" daemon [_thread_blocked, id=32492, stack(0x000000aa36200000,0x000000aa36300000)]
  0x00000249aca440a0 JavaThread "C2 CompilerThread0" daemon [_thread_blocked, id=24804, stack(0x000000aa36300000,0x000000aa36400000)]
  0x00000249aca5db70 JavaThread "C1 CompilerThread0" daemon [_thread_blocked, id=19824, stack(0x000000aa36400000,0x000000aa36500000)]
  0x00000249aca62980 JavaThread "Sweeper thread" daemon [_thread_blocked, id=33496, stack(0x000000aa36500000,0x000000aa36600000)]
  0x00000249acb97b50 JavaThread "Notification Thread" daemon [_thread_blocked, id=30844, stack(0x000000aa36600000,0x000000aa36700000)]
  0x00000249acb9ae10 JavaThread "Common-Cleaner" daemon [_thread_blocked, id=25348, stack(0x000000aa36800000,0x000000aa36900000)]
=>0x00000249b11c6040 JavaThread "C2 CompilerThread1" daemon [_thread_in_native, id=27304, stack(0x000000aa36900000,0x000000aa36a00000)]
  0x00000249b1603bc0 JavaThread "Thread-1" daemon [_thread_blocked, id=34700, stack(0x000000aa37300000,0x000000aa37400000)]
  0x00000249b33e22c0 JavaThread "C2 CompilerThread2" daemon [_thread_blocked, id=35208, stack(0x000000aa37200000,0x000000aa37300000)]

Other Threads:
  0x00000249ac5c3ae0 VMThread "VM Thread" [stack: 0x000000aa35c00000,0x000000aa35d00000] [id=35600]
  0x00000249acb994f0 WatcherThread [stack: 0x000000aa36700000,0x000000aa36800000] [id=32948]
  0x0000024984a78160 GCTaskThread "GC Thread#0" [stack: 0x000000aa35700000,0x000000aa35800000] [id=31136]
  0x00000249acc54030 GCTaskThread "GC Thread#1" [stack: 0x000000aa36a00000,0x000000aa36b00000] [id=32160]
  0x00000249b17cb190 GCTaskThread "GC Thread#2" [stack: 0x000000aa36b00000,0x000000aa36c00000] [id=19348]
  0x00000249b17cb440 GCTaskThread "GC Thread#3" [stack: 0x000000aa36c00000,0x000000aa36d00000] [id=27616]
  0x00000249b17cb6f0 GCTaskThread "GC Thread#4" [stack: 0x000000aa36d00000,0x000000aa36e00000] [id=35704]
  0x00000249b1550230 GCTaskThread "GC Thread#5" [stack: 0x000000aa36e00000,0x000000aa36f00000] [id=32356]
  0x00000249b15504e0 GCTaskThread "GC Thread#6" [stack: 0x000000aa36f00000,0x000000aa37000000] [id=26612]
  0x00000249b1382220 GCTaskThread "GC Thread#7" [stack: 0x000000aa37000000,0x000000aa37100000] [id=35720]
  0x00000249b13824d0 GCTaskThread "GC Thread#8" [stack: 0x000000aa37100000,0x000000aa37200000] [id=23112]
  0x00000249b235b2d0 GCTaskThread "GC Thread#9" [stack: 0x000000aa37400000,0x000000aa37500000] [id=3048]
  0x0000024984a85bc0 ConcurrentGCThread "G1 Main Marker" [stack: 0x000000aa35800000,0x000000aa35900000] [id=27540]
  0x0000024984a87480 ConcurrentGCThread "G1 Conc#0" [stack: 0x000000aa35900000,0x000000aa35a00000] [id=18052]
  0x00000249b235bae0 ConcurrentGCThread "G1 Conc#1" [stack: 0x000000aa37500000,0x000000aa37600000] [id=35300]
  0x00000249b235bd90 ConcurrentGCThread "G1 Conc#2" [stack: 0x000000aa37600000,0x000000aa37700000] [id=25660]
  0x00000249ac47fe10 ConcurrentGCThread "G1 Refine#0" [stack: 0x000000aa35a00000,0x000000aa35b00000] [id=2368]
  0x00000249b17ea2e0 ConcurrentGCThread "G1 Refine#1" [stack: 0x000000aa37700000,0x000000aa37800000] [id=28588]
  0x00000249acd50680 ConcurrentGCThread "G1 Refine#2" [stack: 0x000000aa37800000,0x000000aa37900000] [id=34872]
  0x00000249ace0a3e0 ConcurrentGCThread "G1 Refine#3" [stack: 0x000000aa37900000,0x000000aa37a00000] [id=29848]
  0x00000249ace23a40 ConcurrentGCThread "G1 Refine#4" [stack: 0x000000aa37a00000,0x000000aa37b00000] [id=10428]
  0x00000249b32a61e0 ConcurrentGCThread "G1 Refine#5" [stack: 0x000000aa37b00000,0x000000aa37c00000] [id=26860]
  0x00000249b32a64c0 ConcurrentGCThread "G1 Refine#6" [stack: 0x000000aa37c00000,0x000000aa37d00000] [id=20796]
  0x00000249ac4806d0 ConcurrentGCThread "G1 Service" [stack: 0x000000aa35b00000,0x000000aa35c00000] [id=30092]

Threads with active compile tasks:
C2 CompilerThread1     7549 9503       4       com.sun.tools.javac.main.DelegatingJavaFileManager::inferBinaryName (13 bytes)

VM state: not at safepoint (normal execution)

VM Mutex/Monitor currently owned by a thread: None

Heap address: 0x0000000683400000, size: 6092 MB, Compressed Oops mode: Zero based, Oop shift amount: 3

CDS archive(s) mapped at: [0x0000000800000000-0x0000000800bc0000-0x0000000800bc0000), size 12320768, SharedBaseAddress: 0x0000000800000000, ArchiveRelocationMode: 0.
Compressed class space mapped at: 0x0000000801000000-0x0000000841000000, reserved size: 1073741824
Narrow klass base: 0x0000000800000000, Narrow klass shift: 0, Narrow klass range: 0x100000000

GC Precious Log:
 CPUs: 12 total, 12 available
 Memory: 24359M
 Large Page Support: Disabled
 NUMA Support: Disabled
 Compressed Oops: Enabled (Zero based)
 Heap Region Size: 4M
 Heap Min Capacity: 8M
 Heap Initial Capacity: 384M
 Heap Max Capacity: 6092M
 Pre-touch: Disabled
 Parallel Workers: 10
 Concurrent Workers: 3
 Concurrent Refinement Workers: 10
 Periodic GC: Disabled

Heap:
 garbage-first heap   total 196608K, used 121627K [0x0000000683400000, 0x0000000800000000)
  region size 4096K, 22 young (90112K), 2 survivors (8192K)
 Metaspace       used 32745K, committed 33152K, reserved 1114112K
  class space    used 3661K, committed 3840K, reserved 1048576K

Heap Regions: E=young(eden), S=young(survivor), O=old, HS=humongous(starts), HC=humongous(continues), CS=collection set, F=free, OA=open archive, CA=closed archive, TAMS=top-at-mark-start (previous, next)
|   0|0x0000000683400000, 0x00000006836dc400, 0x0000000683800000| 71%| O|  |TAMS 0x0000000683400000, 0x0000000683400000| Untracked 
|   1|0x0000000683800000, 0x0000000683c00000, 0x0000000683c00000|100%| O|  |TAMS 0x0000000683800000, 0x0000000683800000| Untracked 
|   2|0x0000000683c00000, 0x0000000684000000, 0x0000000684000000|100%| O|  |TAMS 0x0000000683c00000, 0x0000000683c00000| Untracked 
|   3|0x0000000684000000, 0x0000000684400000, 0x0000000684400000|100%| O|  |TAMS 0x0000000684000000, 0x0000000684000000| Untracked 
|   4|0x0000000684400000, 0x0000000684800000, 0x0000000684800000|100%| O|  |TAMS 0x0000000684400000, 0x0000000684400000| Untracked 
|   5|0x0000000684800000, 0x0000000684c00000, 0x0000000684c00000|100%| O|  |TAMS 0x0000000684800000, 0x0000000684800000| Untracked 
|   6|0x0000000684c00000, 0x0000000685000000, 0x0000000685000000|100%| O|  |TAMS 0x0000000684c00000, 0x0000000684c00000| Untracked 
|   7|0x0000000685000000, 0x0000000685400000, 0x0000000685400000|100%| O|  |TAMS 0x0000000685000000, 0x0000000685000000| Untracked 
|   8|0x0000000685400000, 0x0000000685400000, 0x0000000685800000|  0%| F|  |TAMS 0x0000000685400000, 0x0000000685400000| Untracked 
|   9|0x0000000685800000, 0x0000000685800000, 0x0000000685c00000|  0%| F|  |TAMS 0x0000000685800000, 0x0000000685800000| Untracked 
|  10|0x0000000685c00000, 0x0000000686000000, 0x0000000686000000|100%| O|  |TAMS 0x0000000685c00000, 0x0000000685c00000| Untracked 
|  11|0x0000000686000000, 0x0000000686400000, 0x0000000686400000|100%| O|  |TAMS 0x0000000686000000, 0x0000000686000000| Untracked 
|  12|0x0000000686400000, 0x0000000686400000, 0x0000000686800000|  0%| F|  |TAMS 0x0000000686400000, 0x0000000686400000| Untracked 
|  13|0x0000000686800000, 0x0000000686800000, 0x0000000686c00000|  0%| F|  |TAMS 0x0000000686800000, 0x0000000686800000| Untracked 
|  14|0x0000000686c00000, 0x0000000686c00000, 0x0000000687000000|  0%| F|  |TAMS 0x0000000686c00000, 0x0000000686c00000| Untracked 
|  15|0x0000000687000000, 0x0000000687000000, 0x0000000687400000|  0%| F|  |TAMS 0x0000000687000000, 0x0000000687000000| Untracked 
|  16|0x0000000687400000, 0x0000000687400000, 0x0000000687800000|  0%| F|  |TAMS 0x0000000687400000, 0x0000000687400000| Untracked 
|  17|0x0000000687800000, 0x0000000687800000, 0x0000000687c00000|  0%| F|  |TAMS 0x0000000687800000, 0x0000000687800000| Untracked 
|  18|0x0000000687c00000, 0x0000000687c00000, 0x0000000688000000|  0%| F|  |TAMS 0x0000000687c00000, 0x0000000687c00000| Untracked 
|  19|0x0000000688000000, 0x0000000688000000, 0x0000000688400000|  0%| F|  |TAMS 0x0000000688000000, 0x0000000688000000| Untracked 
|  20|0x0000000688400000, 0x0000000688400000, 0x0000000688800000|  0%| F|  |TAMS 0x0000000688400000, 0x0000000688400000| Untracked 
|  21|0x0000000688800000, 0x0000000688800000, 0x0000000688c00000|  0%| F|  |TAMS 0x0000000688800000, 0x0000000688800000| Untracked 
|  22|0x0000000688c00000, 0x0000000688fea9a8, 0x0000000689000000| 97%| S|CS|TAMS 0x0000000688c00000, 0x0000000688c00000| Complete 
|  23|0x0000000689000000, 0x0000000689000000, 0x0000000689400000|  0%| F|  |TAMS 0x0000000689000000, 0x0000000689000000| Untracked 
|  24|0x0000000689400000, 0x0000000689400000, 0x0000000689800000|  0%| F|  |TAMS 0x0000000689400000, 0x0000000689400000| Untracked 
|  25|0x0000000689800000, 0x0000000689c00000, 0x0000000689c00000|100%| S|CS|TAMS 0x0000000689800000, 0x0000000689800000| Complete 
|  26|0x0000000689c00000, 0x0000000689c00000, 0x000000068a000000|  0%| F|  |TAMS 0x0000000689c00000, 0x0000000689c00000| Untracked 
|  27|0x000000068a000000, 0x000000068a000000, 0x000000068a400000|  0%| F|  |TAMS 0x000000068a000000, 0x000000068a000000| Untracked 
|  28|0x000000068a400000, 0x000000068a7d9010, 0x000000068a800000| 96%| E|  |TAMS 0x000000068a400000, 0x000000068a400000| Complete 
|  29|0x000000068a800000, 0x000000068abf9060, 0x000000068ac00000| 99%| E|  |TAMS 0x000000068a800000, 0x000000068a800000| Complete 
|  30|0x000000068ac00000, 0x000000068b000000, 0x000000068b000000|100%| E|CS|TAMS 0x000000068ac00000, 0x000000068ac00000| Complete 
|  31|0x000000068b000000, 0x000000068b400000, 0x000000068b400000|100%| E|CS|TAMS 0x000000068b000000, 0x000000068b000000| Complete 
|  32|0x000000068b400000, 0x000000068b800000, 0x000000068b800000|100%| E|CS|TAMS 0x000000068b400000, 0x000000068b400000| Complete 
|  33|0x000000068b800000, 0x000000068bc00000, 0x000000068bc00000|100%| E|CS|TAMS 0x000000068b800000, 0x000000068b800000| Complete 
|  34|0x000000068bc00000, 0x000000068c000000, 0x000000068c000000|100%| E|CS|TAMS 0x000000068bc00000, 0x000000068bc00000| Complete 
|  35|0x000000068c000000, 0x000000068c400000, 0x000000068c400000|100%| E|CS|TAMS 0x000000068c000000, 0x000000068c000000| Complete 
|  36|0x000000068c400000, 0x000000068c800000, 0x000000068c800000|100%| E|CS|TAMS 0x000000068c400000, 0x000000068c400000| Complete 
|  37|0x000000068c800000, 0x000000068cc00000, 0x000000068cc00000|100%| E|CS|TAMS 0x000000068c800000, 0x000000068c800000| Complete 
|  38|0x000000068cc00000, 0x000000068d000000, 0x000000068d000000|100%| E|CS|TAMS 0x000000068cc00000, 0x000000068cc00000| Complete 
|  39|0x000000068d000000, 0x000000068d400000, 0x000000068d400000|100%| E|CS|TAMS 0x000000068d000000, 0x000000068d000000| Complete 
|  40|0x000000068d400000, 0x000000068d800000, 0x000000068d800000|100%| E|CS|TAMS 0x000000068d400000, 0x000000068d400000| Complete 
|  41|0x000000068d800000, 0x000000068dc00000, 0x000000068dc00000|100%| E|CS|TAMS 0x000000068d800000, 0x000000068d800000| Complete 
|  62|0x0000000692c00000, 0x0000000693000000, 0x0000000693000000|100%| E|CS|TAMS 0x0000000692c00000, 0x0000000692c00000| Complete 
|  63|0x0000000693000000, 0x0000000693400000, 0x0000000693400000|100%| E|CS|TAMS 0x0000000693000000, 0x0000000693000000| Complete 
|  64|0x0000000693400000, 0x0000000693800000, 0x0000000693800000|100%| E|CS|TAMS 0x0000000693400000, 0x0000000693400000| Complete 
|  65|0x0000000693800000, 0x0000000693c00000, 0x0000000693c00000|100%| E|CS|TAMS 0x0000000693800000, 0x0000000693800000| Complete 
|  66|0x0000000693c00000, 0x0000000694000000, 0x0000000694000000|100%| E|CS|TAMS 0x0000000693c00000, 0x0000000693c00000| Complete 
|  95|0x000000069b000000, 0x000000069b400000, 0x000000069b400000|100%| E|CS|TAMS 0x000000069b000000, 0x000000069b000000| Complete 

Card table byte_map: [0x000002499c630000,0x000002499d220000] _byte_map_base: 0x0000024999216000

Marking Bits (Prev, Next): (CMBitMap*) 0x0000024984a787b0, (CMBitMap*) 0x0000024984a78770
 Prev Bits: [0x00000249a3d40000, 0x00000249a9c70000)
 Next Bits: [0x000002499de10000, 0x00000249a3d40000)

Polling page: 0x00000249826b0000

Metaspace:

Usage:
  Non-class:     28.40 MB used.
      Class:      3.58 MB used.
       Both:     31.98 MB used.

Virtual space:
  Non-class space:       64.00 MB reserved,      28.63 MB ( 45%) committed,  1 nodes.
      Class space:        1.00 GB reserved,       3.75 MB ( <1%) committed,  1 nodes.
             Both:        1.06 GB reserved,      32.38 MB (  3%) committed. 

Chunk freelists:
   Non-Class:  2.92 MB
       Class:  12.23 MB
        Both:  15.16 MB

MaxMetaspaceSize: unlimited
CompressedClassSpaceSize: 1.00 GB
Initial GC threshold: 21.00 MB
Current GC threshold: 35.44 MB
CDS: on
MetaspaceReclaimPolicy: balanced
 - commit_granule_bytes: 65536.
 - commit_granule_words: 8192.
 - virtual_space_node_default_size: 8388608.
 - enlarge_chunks_in_place: 1.
 - new_chunks_are_fully_committed: 0.
 - uncommit_free_chunks: 1.
 - use_allocation_guard: 0.
 - handle_deallocations: 1.


Internal statistics:

num_allocs_failed_limit: 3.
num_arena_births: 302.
num_arena_deaths: 0.
num_vsnodes_births: 2.
num_vsnodes_deaths: 0.
num_space_committed: 518.
num_space_uncommitted: 0.
num_chunks_returned_to_freelist: 3.
num_chunks_taken_from_freelist: 1576.
num_chunk_merges: 3.
num_chunk_splits: 1054.
num_chunks_enlarged: 782.
num_inconsistent_stats: 0.

CodeHeap 'non-profiled nmethods': size=120000Kb used=5181Kb max_used=5181Kb free=114818Kb
 bounds [0x0000024993fc0000, 0x00000249944d0000, 0x000002499b4f0000]
CodeHeap 'profiled nmethods': size=120000Kb used=17226Kb max_used=17630Kb free=102773Kb
 bounds [0x000002498c4f0000, 0x000002498d630000, 0x0000024993a20000]
CodeHeap 'non-nmethods': size=5760Kb used=1231Kb max_used=1300Kb free=4528Kb
 bounds [0x0000024993a20000, 0x0000024993c90000, 0x0000024993fc0000]
 total_blobs=8338 nmethods=7813 adapters=437
 compilation: enabled
              stopped_count=0, restarted_count=0
 full_count=0

Compilation events (20 events):
Event: 7.416 Thread 0x00000249b33e22c0 nmethod 9533 0x00000249944c2410 code [0x00000249944c25c0, 0x00000249944c2d08]
Event: 7.416 Thread 0x00000249b33e22c0 9535       4       lombok.launch.ClassFileMetaData::readValue (27 bytes)
Event: 7.417 Thread 0x00000249b33e22c0 nmethod 9535 0x0000024994395110 code [0x0000024994395280, 0x0000024994395378]
Event: 7.417 Thread 0x00000249b33e22c0 9536       4       lombok.launch.PackageShader::readValue (21 bytes)
Event: 7.417 Thread 0x00000249b33e22c0 nmethod 9536 0x00000249944c3110 code [0x00000249944c3280, 0x00000249944c3338]
Event: 7.417 Thread 0x00000249b33e22c0 9534       4       java.lang.String::<init> (10 bytes)
Event: 7.419 Thread 0x00000249b33e22c0 nmethod 9534 0x00000249944c3410 code [0x00000249944c35a0, 0x00000249944c3b98]
Event: 7.427 Thread 0x00000249aca5db70 9537       3       jdk.internal.reflect.UnsafeQualifiedStaticObjectFieldAccessorImpl::get (15 bytes)
Event: 7.427 Thread 0x00000249aca5db70 nmethod 9537 0x000002498d014910 code [0x000002498d014aa0, 0x000002498d014c18]
Event: 7.428 Thread 0x00000249aca5db70 9538 %     3       lombok.launch.PackageShader::apply @ 76 (252 bytes)
Event: 7.429 Thread 0x00000249aca5db70 nmethod 9538% 0x000002498ce52790 code [0x000002498ce529e0, 0x000002498ce53868]
Event: 7.432 Thread 0x00000249aca5db70 9539       3       lombok.launch.PackageShader::apply (252 bytes)
Event: 7.433 Thread 0x00000249aca5db70 nmethod 9539 0x000002498cfec210 code [0x000002498cfec440, 0x000002498cfecf88]
Event: 7.453 Thread 0x00000249aca440a0 nmethod 9501 0x00000249944c3d10 code [0x00000249944c4080, 0x00000249944c77d8]
Event: 7.466 Thread 0x00000249aca440a0 9540       4       sun.net.www.protocol.file.Handler::parseURL (18 bytes)
Event: 7.470 Thread 0x00000249b33e22c0 9541 %     4       lombok.launch.PackageShader::apply @ 76 (252 bytes)
Event: 7.475 Thread 0x00000249aca440a0 nmethod 9540 0x00000249944c9490 code [0x00000249944c9640, 0x00000249944c9c28]
Event: 7.480 Thread 0x00000249b33e22c0 nmethod 9541% 0x00000249944c9f90 code [0x00000249944ca140, 0x00000249944caa78]
Event: 7.483 Thread 0x00000249b33e22c0 9542       4       lombok.launch.PackageShader::apply (252 bytes)
Event: 7.513 Thread 0x00000249b33e22c0 nmethod 9542 0x00000249944cb090 code [0x00000249944cb3a0, 0x00000249944cd068]

GC Heap History (20 events):
Event: 0.364 GC heap before
{Heap before GC invocations=0 (full 0):
 garbage-first heap   total 393216K, used 20480K [0x0000000683400000, 0x0000000800000000)
  region size 4096K, 5 young (20480K), 0 survivors (0K)
 Metaspace       used 5350K, committed 5504K, reserved 1114112K
  class space    used 636K, committed 704K, reserved 1048576K
}
Event: 0.366 GC heap after
{Heap after GC invocations=1 (full 0):
 garbage-first heap   total 393216K, used 3656K [0x0000000683400000, 0x0000000800000000)
  region size 4096K, 1 young (4096K), 1 survivors (4096K)
 Metaspace       used 5350K, committed 5504K, reserved 1114112K
  class space    used 636K, committed 704K, reserved 1048576K
}
Event: 0.561 GC heap before
{Heap before GC invocations=1 (full 0):
 garbage-first heap   total 393216K, used 24136K [0x0000000683400000, 0x0000000800000000)
  region size 4096K, 6 young (24576K), 1 survivors (4096K)
 Metaspace       used 6968K, committed 7104K, reserved 1114112K
  class space    used 838K, committed 896K, reserved 1048576K
}
Event: 0.563 GC heap after
{Heap after GC invocations=2 (full 0):
 garbage-first heap   total 393216K, used 4386K [0x0000000683400000, 0x0000000800000000)
  region size 4096K, 1 young (4096K), 1 survivors (4096K)
 Metaspace       used 6968K, committed 7104K, reserved 1114112K
  class space    used 838K, committed 896K, reserved 1048576K
}
Event: 1.450 GC heap before
{Heap before GC invocations=2 (full 0):
 garbage-first heap   total 393216K, used 61730K [0x0000000683400000, 0x0000000800000000)
  region size 4096K, 15 young (61440K), 1 survivors (4096K)
 Metaspace       used 14864K, committed 15040K, reserved 1114112K
  class space    used 1795K, committed 1856K, reserved 1048576K
}
Event: 1.454 GC heap after
{Heap after GC invocations=3 (full 0):
 garbage-first heap   total 393216K, used 10080K [0x0000000683400000, 0x0000000800000000)
  region size 4096K, 2 young (8192K), 2 survivors (8192K)
 Metaspace       used 14864K, committed 15040K, reserved 1114112K
  class space    used 1795K, committed 1856K, reserved 1048576K
}
Event: 2.823 GC heap before
{Heap before GC invocations=3 (full 0):
 garbage-first heap   total 393216K, used 116576K [0x0000000683400000, 0x0000000800000000)
  region size 4096K, 29 young (118784K), 2 survivors (8192K)
 Metaspace       used 21182K, committed 21504K, reserved 1114112K
  class space    used 2507K, committed 2688K, reserved 1048576K
}
Event: 2.838 GC heap after
{Heap after GC invocations=4 (full 0):
 garbage-first heap   total 393216K, used 21744K [0x0000000683400000, 0x0000000800000000)
  region size 4096K, 5 young (20480K), 5 survivors (20480K)
 Metaspace       used 21182K, committed 21504K, reserved 1114112K
  class space    used 2507K, committed 2688K, reserved 1048576K
}
Event: 3.514 GC heap before
{Heap before GC invocations=5 (full 0):
 garbage-first heap   total 98304K, used 58608K [0x0000000683400000, 0x0000000800000000)
  region size 4096K, 14 young (57344K), 5 survivors (20480K)
 Metaspace       used 25733K, committed 26048K, reserved 1114112K
  class space    used 2984K, committed 3136K, reserved 1048576K
}
Event: 3.541 GC heap after
{Heap after GC invocations=6 (full 0):
 garbage-first heap   total 98304K, used 33798K [0x0000000683400000, 0x0000000800000000)
  region size 4096K, 2 young (8192K), 2 survivors (8192K)
 Metaspace       used 25733K, committed 26048K, reserved 1114112K
  class space    used 2984K, committed 3136K, reserved 1048576K
}
Event: 3.573 GC heap before
{Heap before GC invocations=6 (full 0):
 garbage-first heap   total 98304K, used 37894K [0x0000000683400000, 0x0000000800000000)
  region size 4096K, 3 young (12288K), 2 survivors (8192K)
 Metaspace       used 25733K, committed 26048K, reserved 1114112K
  class space    used 2984K, committed 3136K, reserved 1048576K
}
Event: 3.596 GC heap after
{Heap after GC invocations=7 (full 0):
 garbage-first heap   total 98304K, used 36383K [0x0000000683400000, 0x0000000800000000)
  region size 4096K, 1 young (4096K), 1 survivors (4096K)
 Metaspace       used 25733K, committed 26048K, reserved 1114112K
  class space    used 2984K, committed 3136K, reserved 1048576K
}
Event: 3.932 GC heap before
{Heap before GC invocations=7 (full 0):
 garbage-first heap   total 98304K, used 60959K [0x0000000683400000, 0x0000000800000000)
  region size 4096K, 7 young (28672K), 1 survivors (4096K)
 Metaspace       used 26510K, committed 26816K, reserved 1114112K
  class space    used 3051K, committed 3200K, reserved 1048576K
}
Event: 3.944 GC heap after
{Heap after GC invocations=8 (full 0):
 garbage-first heap   total 196608K, used 39709K [0x0000000683400000, 0x0000000800000000)
  region size 4096K, 1 young (4096K), 1 survivors (4096K)
 Metaspace       used 26510K, committed 26816K, reserved 1114112K
  class space    used 3051K, committed 3200K, reserved 1048576K
}
Event: 5.104 GC heap before
{Heap before GC invocations=8 (full 0):
 garbage-first heap   total 196608K, used 121629K [0x0000000683400000, 0x0000000800000000)
  region size 4096K, 21 young (86016K), 1 survivors (4096K)
 Metaspace       used 29353K, committed 29696K, reserved 1114112K
  class space    used 3337K, committed 3456K, reserved 1048576K
}
Event: 5.115 GC heap after
{Heap after GC invocations=9 (full 0):
 garbage-first heap   total 196608K, used 43805K [0x0000000683400000, 0x0000000800000000)
  region size 4096K, 2 young (8192K), 2 survivors (8192K)
 Metaspace       used 29353K, committed 29696K, reserved 1114112K
  class space    used 3337K, committed 3456K, reserved 1048576K
}
Event: 5.410 GC heap before
{Heap before GC invocations=9 (full 0):
 garbage-first heap   total 196608K, used 129821K [0x0000000683400000, 0x0000000800000000)
  region size 4096K, 23 young (94208K), 2 survivors (8192K)
 Metaspace       used 29596K, committed 29888K, reserved 1114112K
  class space    used 3342K, committed 3456K, reserved 1048576K
}
Event: 5.421 GC heap after
{Heap after GC invocations=10 (full 0):
 garbage-first heap   total 196608K, used 45512K [0x0000000683400000, 0x0000000800000000)
  region size 4096K, 2 young (8192K), 2 survivors (8192K)
 Metaspace       used 29596K, committed 29888K, reserved 1114112K
  class space    used 3342K, committed 3456K, reserved 1048576K
}
Event: 6.935 GC heap before
{Heap before GC invocations=10 (full 0):
 garbage-first heap   total 196608K, used 135624K [0x0000000683400000, 0x0000000800000000)
  region size 4096K, 24 young (98304K), 2 survivors (8192K)
 Metaspace       used 32000K, committed 32320K, reserved 1114112K
  class space    used 3573K, committed 3712K, reserved 1048576K
}
Event: 6.942 GC heap after
{Heap after GC invocations=11 (full 0):
 garbage-first heap   total 196608K, used 47899K [0x0000000683400000, 0x0000000800000000)
  region size 4096K, 2 young (8192K), 2 survivors (8192K)
 Metaspace       used 32000K, committed 32320K, reserved 1114112K
  class space    used 3573K, committed 3712K, reserved 1048576K
}

Dll operation events (8 events):
Event: 0.005 Loaded shared library C:\Program Files\BellSoft\LibericaJDK-17\bin\java.dll
Event: 0.012 Loaded shared library C:\Program Files\BellSoft\LibericaJDK-17\bin\jsvml.dll
Event: 0.032 Loaded shared library C:\Program Files\BellSoft\LibericaJDK-17\bin\net.dll
Event: 0.033 Loaded shared library C:\Program Files\BellSoft\LibericaJDK-17\bin\nio.dll
Event: 0.036 Loaded shared library C:\Program Files\BellSoft\LibericaJDK-17\bin\zip.dll
Event: 0.111 Loaded shared library C:\Program Files\BellSoft\LibericaJDK-17\bin\jimage.dll
Event: 0.112 Loaded shared library C:\Users\trevh\.m2\wrapper\dists\apache-maven-3.9.9\977a63e90f436cd6ade95b4c0e10c20c\lib\jansi-native\Windows\x86_64\jansi.dll
Event: 0.122 Loaded shared library C:\Program Files\BellSoft\LibericaJDK-17\bin\verify.dll

Deoptimization events (20 events):
Event: 7.208 Thread 0x00000249849eb1b0 DEOPT PACKING pc=0x0000024994099b74 sp=0x000000aa356fc710
Event: 7.208 Thread 0x00000249849eb1b0 DEOPT UNPACKING pc=0x0000024993a7a1a3 sp=0x000000aa356fc418 mode 2
Event: 7.340 Thread 0x00000249849eb1b0 Uncommon trap: trap_request=0xffffff45 fr.pc=0x00000249943e0050 relative=0x0000000000000fd0
Event: 7.340 Thread 0x00000249849eb1b0 Uncommon trap: reason=unstable_if action=reinterpret pc=0x00000249943e0050 method=com.sun.tools.javac.code.Types$15.visitClassType(Lcom/sun/tools/javac/code/Type$ClassType;Ljava/lang/Void;)Lcom/sun/tools/javac/code/Type; @ 43 c2
Event: 7.340 Thread 0x00000249849eb1b0 DEOPT PACKING pc=0x00000249943e0050 sp=0x000000aa356fcac0
Event: 7.340 Thread 0x00000249849eb1b0 DEOPT UNPACKING pc=0x0000024993a7a1a3 sp=0x000000aa356fca30 mode 2
Event: 7.340 Thread 0x00000249849eb1b0 Uncommon trap: trap_request=0xffffff45 fr.pc=0x00000249943db9c0 relative=0x0000000000000b60
Event: 7.340 Thread 0x00000249849eb1b0 Uncommon trap: reason=unstable_if action=reinterpret pc=0x00000249943db9c0 method=com.sun.tools.javac.code.Types$16.visitClassType(Lcom/sun/tools/javac/code/Type$ClassType;Ljava/lang/Void;)Lcom/sun/tools/javac/util/List; @ 22 c2
Event: 7.340 Thread 0x00000249849eb1b0 DEOPT PACKING pc=0x00000249943db9c0 sp=0x000000aa356fcac0
Event: 7.340 Thread 0x00000249849eb1b0 DEOPT UNPACKING pc=0x0000024993a7a1a3 sp=0x000000aa356fca30 mode 2
Event: 7.483 Thread 0x00000249849eb1b0 DEOPT PACKING pc=0x000002498cfecded sp=0x000000aa356f8ec0
Event: 7.483 Thread 0x00000249849eb1b0 DEOPT UNPACKING pc=0x0000024993a7ace3 sp=0x000000aa356f8370 mode 0
Event: 7.486 Thread 0x00000249849eb1b0 DEOPT PACKING pc=0x000002498cfecded sp=0x000000aa356f8df0
Event: 7.486 Thread 0x00000249849eb1b0 DEOPT UNPACKING pc=0x0000024993a7ace3 sp=0x000000aa356f82a0 mode 0
Event: 7.490 Thread 0x00000249849eb1b0 DEOPT PACKING pc=0x000002498cfecded sp=0x000000aa356fc630
Event: 7.490 Thread 0x00000249849eb1b0 DEOPT UNPACKING pc=0x0000024993a7ace3 sp=0x000000aa356fbae0 mode 0
Event: 7.495 Thread 0x00000249849eb1b0 DEOPT PACKING pc=0x000002498cfecded sp=0x000000aa356f8dd0
Event: 7.495 Thread 0x00000249849eb1b0 DEOPT UNPACKING pc=0x0000024993a7ace3 sp=0x000000aa356f8280 mode 0
Event: 7.506 Thread 0x00000249849eb1b0 DEOPT PACKING pc=0x000002498cfecded sp=0x000000aa356f8dd0
Event: 7.506 Thread 0x00000249849eb1b0 DEOPT UNPACKING pc=0x0000024993a7ace3 sp=0x000000aa356f8280 mode 0

Classes unloaded (0 events):
No events

Classes redefined (0 events):
No events

Internal exceptions (20 events):
Event: 7.342 Thread 0x00000249849eb1b0 Exception <a 'sun/nio/fs/WindowsException'{0x000000068b6a96e0}> (0x000000068b6a96e0) 
thrown [s\src\hotspot\share\prims\jni.cpp, line 516]
Event: 7.342 Thread 0x00000249849eb1b0 Exception <a 'sun/nio/fs/WindowsException'{0x000000068b6a99e0}> (0x000000068b6a99e0) 
thrown [s\src\hotspot\share\prims\jni.cpp, line 516]
Event: 7.342 Thread 0x00000249849eb1b0 Exception <a 'sun/nio/fs/WindowsException'{0x000000068b6aadd8}> (0x000000068b6aadd8) 
thrown [s\src\hotspot\share\prims\jni.cpp, line 516]
Event: 7.342 Thread 0x00000249849eb1b0 Exception <a 'sun/nio/fs/WindowsException'{0x000000068b6ab0c0}> (0x000000068b6ab0c0) 
thrown [s\src\hotspot\share\prims\jni.cpp, line 516]
Event: 7.342 Thread 0x00000249849eb1b0 Exception <a 'sun/nio/fs/WindowsException'{0x000000068b6b5708}> (0x000000068b6b5708) 
thrown [s\src\hotspot\share\prims\jni.cpp, line 516]
Event: 7.342 Thread 0x00000249849eb1b0 Exception <a 'sun/nio/fs/WindowsException'{0x000000068b6b59a0}> (0x000000068b6b59a0) 
thrown [s\src\hotspot\share\prims\jni.cpp, line 516]
Event: 7.342 Thread 0x00000249849eb1b0 Exception <a 'sun/nio/fs/WindowsException'{0x000000068b6d06d8}> (0x000000068b6d06d8) 
thrown [s\src\hotspot\share\prims\jni.cpp, line 516]
Event: 7.342 Thread 0x00000249849eb1b0 Exception <a 'sun/nio/fs/WindowsException'{0x000000068b6d09b8}> (0x000000068b6d09b8) 
thrown [s\src\hotspot\share\prims\jni.cpp, line 516]
Event: 7.342 Thread 0x00000249849eb1b0 Exception <a 'sun/nio/fs/WindowsException'{0x000000068b6d1e70}> (0x000000068b6d1e70) 
thrown [s\src\hotspot\share\prims\jni.cpp, line 516]
Event: 7.342 Thread 0x00000249849eb1b0 Exception <a 'sun/nio/fs/WindowsException'{0x000000068b6d2218}> (0x000000068b6d2218) 
thrown [s\src\hotspot\share\prims\jni.cpp, line 516]
Event: 7.343 Thread 0x00000249849eb1b0 Exception <a 'sun/nio/fs/WindowsException'{0x000000068b6d5698}> (0x000000068b6d5698) 
thrown [s\src\hotspot\share\prims\jni.cpp, line 516]
Event: 7.343 Thread 0x00000249849eb1b0 Exception <a 'sun/nio/fs/WindowsException'{0x000000068b6d59b8}> (0x000000068b6d59b8) 
thrown [s\src\hotspot\share\prims\jni.cpp, line 516]
Event: 7.343 Thread 0x00000249849eb1b0 Exception <a 'sun/nio/fs/WindowsException'{0x000000068b6d6dd8}> (0x000000068b6d6dd8) 
thrown [s\src\hotspot\share\prims\jni.cpp, line 516]
Event: 7.343 Thread 0x00000249849eb1b0 Exception <a 'sun/nio/fs/WindowsException'{0x000000068b6d70d8}> (0x000000068b6d70d8) 
thrown [s\src\hotspot\share\prims\jni.cpp, line 516]
Event: 7.343 Thread 0x00000249849eb1b0 Exception <a 'sun/nio/fs/WindowsException'{0x000000068b6e7e60}> (0x000000068b6e7e60) 
thrown [s\src\hotspot\share\prims\jni.cpp, line 516]
Event: 7.343 Thread 0x00000249849eb1b0 Exception <a 'sun/nio/fs/WindowsException'{0x000000068b6e8110}> (0x000000068b6e8110) 
thrown [s\src\hotspot\share\prims\jni.cpp, line 516]
Event: 7.343 Thread 0x00000249849eb1b0 Exception <a 'sun/nio/fs/WindowsException'{0x000000068b714130}> (0x000000068b714130) 
thrown [s\src\hotspot\share\prims\jni.cpp, line 516]
Event: 7.343 Thread 0x00000249849eb1b0 Exception <a 'sun/nio/fs/WindowsException'{0x000000068b714428}> (0x000000068b714428) 
thrown [s\src\hotspot\share\prims\jni.cpp, line 516]
Event: 7.343 Thread 0x00000249849eb1b0 Exception <a 'sun/nio/fs/WindowsException'{0x000000068b715908}> (0x000000068b715908) 
thrown [s\src\hotspot\share\prims\jni.cpp, line 516]
Event: 7.343 Thread 0x00000249849eb1b0 Exception <a 'sun/nio/fs/WindowsException'{0x000000068b715cc8}> (0x000000068b715cc8) 
thrown [s\src\hotspot\share\prims\jni.cpp, line 516]

VM Operations (20 events):
Event: 6.398 Executing VM operation: ICBufferFull
Event: 6.399 Executing VM operation: ICBufferFull done
Event: 6.497 Executing VM operation: HandshakeAllThreads
Event: 6.497 Executing VM operation: HandshakeAllThreads done
Event: 6.511 Executing VM operation: ICBufferFull
Event: 6.511 Executing VM operation: ICBufferFull done
Event: 6.528 Executing VM operation: HandshakeAllThreads
Event: 6.529 Executing VM operation: HandshakeAllThreads done
Event: 6.594 Executing VM operation: HandshakeAllThreads
Event: 6.594 Executing VM operation: HandshakeAllThreads done
Event: 6.607 Executing VM operation: ICBufferFull
Event: 6.607 Executing VM operation: ICBufferFull done
Event: 6.707 Executing VM operation: ICBufferFull
Event: 6.708 Executing VM operation: ICBufferFull done
Event: 6.812 Executing VM operation: ICBufferFull
Event: 6.813 Executing VM operation: ICBufferFull done
Event: 6.935 Executing VM operation: G1CollectForAllocation
Event: 6.942 Executing VM operation: G1CollectForAllocation done
Event: 7.355 Executing VM operation: ICBufferFull
Event: 7.355 Executing VM operation: ICBufferFull done

Events (20 events):
Event: 6.615 Thread 0x00000249aca62980 flushing nmethod 0x000002498d47fc10
Event: 6.615 Thread 0x00000249aca62980 flushing nmethod 0x000002498d480310
Event: 6.615 Thread 0x00000249aca62980 flushing nmethod 0x000002498d486e90
Event: 6.615 Thread 0x00000249aca62980 flushing nmethod 0x000002498d487390
Event: 6.615 Thread 0x00000249aca62980 flushing nmethod 0x000002498d487e10
Event: 6.615 Thread 0x00000249aca62980 flushing nmethod 0x000002498d488190
Event: 6.615 Thread 0x00000249aca62980 flushing nmethod 0x000002498d488610
Event: 6.615 Thread 0x00000249aca62980 flushing nmethod 0x000002498d488990
Event: 6.615 Thread 0x00000249aca62980 flushing nmethod 0x000002498d489b10
Event: 6.615 Thread 0x00000249aca62980 flushing nmethod 0x000002498d496010
Event: 6.615 Thread 0x00000249aca62980 flushing nmethod 0x000002498d498c90
Event: 6.615 Thread 0x00000249aca62980 flushing nmethod 0x000002498d4b3510
Event: 6.916 loading class java/util/EnumMap$Values
Event: 6.916 loading class java/util/EnumMap$Values done
Event: 6.917 loading class java/util/EnumMap$ValueIterator
Event: 6.917 loading class java/util/EnumMap$ValueIterator done
Event: 6.918 loading class java/util/WeakHashMap$KeyIterator
Event: 6.919 loading class java/util/WeakHashMap$KeyIterator done
Event: 7.377 loading class jdk/internal/module/IllegalAccessLogger
Event: 7.377 loading class jdk/internal/module/IllegalAccessLogger done


Dynamic libraries:
0x00007ff63c2f0000 - 0x00007ff63c2fd000 	C:\Program Files\BellSoft\LibericaJDK-17\bin\java.exe
0x00007ffc66da0000 - 0x00007ffc67006000 	C:\WINDOWS\SYSTEM32\ntdll.dll
0x00007ffc65120000 - 0x00007ffc651e9000 	C:\WINDOWS\System32\KERNEL32.DLL
0x00007ffc64790000 - 0x00007ffc64b5c000 	C:\WINDOWS\System32\KERNELBASE.dll
0x00007ffc640b0000 - 0x00007ffc641fb000 	C:\WINDOWS\System32\ucrtbase.dll
0x00007ffc266c0000 - 0x00007ffc266d7000 	C:\Program Files\BellSoft\LibericaJDK-17\bin\jli.dll
0x00007ffc22fc0000 - 0x00007ffc22fd5000 	C:\Program Files\BellSoft\LibericaJDK-17\bin\VCRUNTIME140.dll
0x00007ffc66aa0000 - 0x00007ffc66c6a000 	C:\WINDOWS\System32\USER32.dll
0x00007ffc4b610000 - 0x00007ffc4b8aa000 	C:\WINDOWS\WinSxS\amd64_microsoft.windows.common-controls_6595b64144ccf1df_6.0.26100.3912_none_3e07963ce335137e\COMCTL32.dll
0x00007ffc63f30000 - 0x00007ffc63f57000 	C:\WINDOWS\System32\win32u.dll
0x00007ffc64c90000 - 0x00007ffc64cbb000 	C:\WINDOWS\System32\GDI32.dll
0x00007ffc66810000 - 0x00007ffc668b9000 	C:\WINDOWS\System32\msvcrt.dll
0x00007ffc64200000 - 0x00007ffc64332000 	C:\WINDOWS\System32\gdi32full.dll
0x00007ffc64000000 - 0x00007ffc640a3000 	C:\WINDOWS\System32\msvcp_win.dll
0x00007ffc66c70000 - 0x00007ffc66ca0000 	C:\WINDOWS\System32\IMM32.DLL
0x00007ffbf8e40000 - 0x00007ffbf8edb000 	C:\Program Files\BellSoft\LibericaJDK-17\bin\msvcp140.dll
0x00007ffb68120000 - 0x00007ffb68d42000 	C:\Program Files\BellSoft\LibericaJDK-17\bin\server\jvm.dll
0x00007ffc65060000 - 0x00007ffc65112000 	C:\WINDOWS\System32\ADVAPI32.dll
0x00007ffc652d0000 - 0x00007ffc65376000 	C:\WINDOWS\System32\sechost.dll
0x00007ffc64f40000 - 0x00007ffc65056000 	C:\WINDOWS\System32\RPCRT4.dll
0x00007ffc52e50000 - 0x00007ffc52e86000 	C:\WINDOWS\SYSTEM32\WINMM.dll
0x00007ffc5c7b0000 - 0x00007ffc5c7bb000 	C:\WINDOWS\SYSTEM32\VERSION.dll
0x00007ffc4bbc0000 - 0x00007ffc4bbca000 	C:\WINDOWS\SYSTEM32\WSOCK32.dll
0x00007ffc64c10000 - 0x00007ffc64c84000 	C:\WINDOWS\System32\WS2_32.dll
0x00007ffc62df0000 - 0x00007ffc62e0a000 	C:\WINDOWS\SYSTEM32\kernel.appcore.dll
0x00007ffc31f30000 - 0x00007ffc31f3a000 	C:\Program Files\BellSoft\LibericaJDK-17\bin\jimage.dll
0x00007ffc61370000 - 0x00007ffc615b1000 	C:\WINDOWS\SYSTEM32\DBGHELP.DLL
0x00007ffc662d0000 - 0x00007ffc66654000 	C:\WINDOWS\System32\combase.dll
0x00007ffc654f0000 - 0x00007ffc655d0000 	C:\WINDOWS\System32\OLEAUT32.dll
0x00007ffc48370000 - 0x00007ffc483a9000 	C:\WINDOWS\SYSTEM32\dbgcore.DLL
0x00007ffc63f60000 - 0x00007ffc63ff9000 	C:\WINDOWS\System32\bcryptPrimitives.dll
0x00007ffc1ecd0000 - 0x00007ffc1ecf5000 	C:\Program Files\BellSoft\LibericaJDK-17\bin\java.dll
0x00007ffbf1830000 - 0x00007ffbf1906000 	C:\Program Files\BellSoft\LibericaJDK-17\bin\jsvml.dll
0x00007ffc65b90000 - 0x00007ffc662bd000 	C:\WINDOWS\System32\SHELL32.dll
0x00007ffc64340000 - 0x00007ffc644b4000 	C:\WINDOWS\System32\wintypes.dll
0x00007ffc61ba0000 - 0x00007ffc623f6000 	C:\WINDOWS\SYSTEM32\windows.storage.dll
0x00007ffc64d40000 - 0x00007ffc64e2f000 	C:\WINDOWS\System32\SHCORE.dll
0x00007ffc651f0000 - 0x00007ffc65259000 	C:\WINDOWS\System32\shlwapi.dll
0x00007ffc63e40000 - 0x00007ffc63e6f000 	C:\WINDOWS\SYSTEM32\profapi.dll
0x00007ffc1ea70000 - 0x00007ffc1ea89000 	C:\Program Files\BellSoft\LibericaJDK-17\bin\net.dll
0x00007ffc5c5e0000 - 0x00007ffc5c6fe000 	C:\WINDOWS\SYSTEM32\WINHTTP.dll
0x00007ffc63380000 - 0x00007ffc633ea000 	C:\WINDOWS\system32\mswsock.dll
0x00007ffc1add0000 - 0x00007ffc1ade5000 	C:\Program Files\BellSoft\LibericaJDK-17\bin\nio.dll
0x00007ffc19800000 - 0x00007ffc19818000 	C:\Program Files\BellSoft\LibericaJDK-17\bin\zip.dll
0x00007ffc197d0000 - 0x00007ffc197f4000 	C:\Users\trevh\.m2\wrapper\dists\apache-maven-3.9.9\977a63e90f436cd6ade95b4c0e10c20c\lib\jansi-native\Windows\x86_64\jansi.dll
0x00007ffc2a730000 - 0x00007ffc2a740000 	C:\Program Files\BellSoft\LibericaJDK-17\bin\verify.dll

dbghelp: loaded successfully - version: 4.0.5 - missing functions: none
symbol engine: initialized successfully - sym options: 0x614 - pdb path: .;C:\Program Files\BellSoft\LibericaJDK-17\bin;C:\WINDOWS\SYSTEM32;C:\WINDOWS\WinSxS\amd64_microsoft.windows.common-controls_6595b64144ccf1df_6.0.26100.3912_none_3e07963ce335137e;C:\Program Files\BellSoft\LibericaJDK-17\bin\server;C:\Users\trevh\.m2\wrapper\dists\apache-maven-3.9.9\977a63e90f436cd6ade95b4c0e10c20c\lib\jansi-native\Windows\x86_64

VM Arguments:
jvm_args: -Dclassworlds.conf=C:\Users\trevh\.m2\wrapper\dists\apache-maven-3.9.9\977a63e90f436cd6ade95b4c0e10c20c\bin\m2.conf -Dmaven.home=C:\Users\trevh\.m2\wrapper\dists\apache-maven-3.9.9\977a63e90f436cd6ade95b4c0e10c20c -Dlibrary.jansi.path=C:\Users\trevh\.m2\wrapper\dists\apache-maven-3.9.9\977a63e90f436cd6ade95b4c0e10c20c\lib\jansi-native -Dmaven.multiModuleProjectDirectory=C:\Terapia\TerapiaBackend 
java_command: org.codehaus.plexus.classworlds.launcher.Launcher clean package -DskipTests
java_class_path (initial): C:\Users\trevh\.m2\wrapper\dists\apache-maven-3.9.9\977a63e90f436cd6ade95b4c0e10c20c\boot\plexus-classworlds-2.8.0.jar
Launcher Type: SUN_STANDARD

[Global flags]
     intx CICompilerCount                          = 4                                         {product} {ergonomic}
     uint ConcGCThreads                            = 3                                         {product} {ergonomic}
     uint G1ConcRefinementThreads                  = 10                                        {product} {ergonomic}
   size_t G1HeapRegionSize                         = 4194304                                   {product} {ergonomic}
    uintx GCDrainStackTargetSize                   = 64                                        {product} {ergonomic}
   size_t InitialHeapSize                          = 402653184                                 {product} {ergonomic}
   size_t MarkStackSize                            = 4194304                                   {product} {ergonomic}
   size_t MaxHeapSize                              = 6387924992                                {product} {ergonomic}
   size_t MaxNewSize                               = 3829399552                                {product} {ergonomic}
   size_t MinHeapDeltaBytes                        = 4194304                                   {product} {ergonomic}
   size_t MinHeapSize                              = 8388608                                   {product} {ergonomic}
    uintx NonNMethodCodeHeapSize                   = 5839372                                {pd product} {ergonomic}
    uintx NonProfiledCodeHeapSize                  = 122909434                              {pd product} {ergonomic}
    uintx ProfiledCodeHeapSize                     = 122909434                              {pd product} {ergonomic}
    uintx ReservedCodeCacheSize                    = 251658240                              {pd product} {ergonomic}
     bool SegmentedCodeCache                       = true                                      {product} {ergonomic}
   size_t SoftMaxHeapSize                          = 6387924992                             {manageable} {ergonomic}
     bool UseCompressedClassPointers               = true                           {product lp64_product} {ergonomic}
     bool UseCompressedOops                        = true                           {product lp64_product} {ergonomic}
     bool UseG1GC                                  = true                                      {product} {ergonomic}
     bool UseLargePagesIndividualAllocation        = false                                  {pd product} {ergonomic}

Logging:
Log output configuration:
 #0: stdout all=warning uptime,level,tags
 #1: stderr all=off uptime,level,tags

Environment Variables:
JAVA_HOME=C:\Program Files\BellSoft\LibericaJDK-17
PATH=C:\Program Files\Common Files\Oracle\Java\javapath;C:\Program Files (x86)\Common Files\Oracle\Java\javapath;C:\Program Files\BellSoft\LibericaJDK-17\bin\;C:\Windows\system32;C:\Windows;C:\Windows\System32\Wbem;C:\Windows\System32\WindowsPowerShell\v1.0\;C:\Windows\System32\OpenSSH\;C:\Program Files (x86)\NVIDIA Corporation\PhysX\Common;C:\Program Files\NVIDIA Corporation\NVIDIA NvDLISR;C:\ProgramData\chocolatey\bin;C:\Program Files\dotnet\;C:\minikube;C:\Users\trevh\AppData\Local\Programs\Microsoft VS Code\bin;C:\Users\trevh\AppData\Local\Microsoft\WindowsApps;C:\Users\trevh\AppData\Local\gitkraken\bin;C:\Users\trevh\AppData\Roaming\npm;C:\Program Files\Jenkins;C:\Program Files\Maven\bin;C:\Users\trevh\AppData\Roaming\npm\node_modules;C:\Gradle\bin;C:\Program Files\Amazon;C:\minikube\minikube.exe;C:\Program Files\Apache\maven\apache-maven-3.8.5\bin;C:\Users\trevh\AppData\Roaming\nvm;C:\Program Files\nodejs;C:\Program Files\Go\bin;C:\WINDOWS\system32;C:\WINDOWS;C:\WINDOWS\System32\Wbem;C:\WINDOWS\System32\WindowsPowerShell\v1.0\;C:\WINDOWS\System32\OpenSSH\;C:\ProgramData\chocolatey\lib\maven\apache-maven-3.9.9\bin;C:\Program Files\Git\cmd;C:\Program Files\MATLAB\R2024b\bin;C:\Program Files\Docker\Docker\resources\bin;C:\docker;C:\Program Files\Common Files\Oracle\Java\javapath;C:\Program Files (x86)\Common Files\Oracle\Java\javapath;C:\Program Files\BellSoft\LibericaJDK-17\bin\;C:\Windows\system32;C:\Windows;C:\Windows\System32\Wbem;C:\Windows\System32\WindowsPowerShell\v1.0\;C:\Windows\System32\OpenSSH\;C:\Program Files (x86)\NVIDIA Corporation\PhysX\Common;C:\Program Files\NVIDIA Corporation\NVIDIA NvDLISR;C:\ProgramData\chocolatey\bin;C:\Program Files\dotnet\;C:\minikube;C:\Users\trevh\AppData\Local\Programs\Microsoft VS Code\bin;C:\Users\trevh\AppData\Local\Microsoft\WindowsApps;C:\Users\trevh\AppData\Local\gitkraken\bin;C:\Users\trevh\AppData\Roaming\npm;C:\Program Files\Jenkins;C:\Program Files\Maven\bin;C:\Users\trevh\AppData\Roaming\npm\node_modules;C:\Gra
USERNAME=trevh
LANG=en_US.UTF-8
OS=Windows_NT
PROCESSOR_IDENTIFIER=Intel64 Family 6 Model 141 Stepping 1, GenuineIntel
TMP=C:\Users\trevh\AppData\Local\Temp
TEMP=C:\Users\trevh\AppData\Local\Temp



---------------  S Y S T E M  ---------------

OS:
 Windows 11 , 64 bit Build 26100 (10.0.26100.3912)
OS uptime: 4 days 7:09 hours
Hyper-V role detected

CPU: total 12 (initial active 12) (6 cores per cpu, 2 threads per core) family 6 model 141 stepping 1 microcode 0x3e, cx8, cmov, fxsr, ht, mmx, 3dnowpref, sse, sse2, sse3, ssse3, sse4.1, sse4.2, popcnt, lzcnt, tsc, tscinvbit, avx, avx2, aes, erms, clmul, bmi1, bmi2, adx, avx512f, avx512dq, avx512cd, avx512bw, avx512vl, sha, fma, vzeroupper, avx512_vpopcntdq, avx512_vpclmulqdq, avx512_vaes, avx512_vnni, clflush, clflushopt, clwb, avx512_vbmi2, avx512_vbmi, hv

Memory: 4k page, system-wide physical 24359M (7681M free)
TotalPageFile size 29077M (AvailPageFile size 2661M)
current process WorkingSet (physical memory assigned to process): 358M, peak: 358M
current process commit charge ("private bytes"): 418M, peak: 555M

vm_info: OpenJDK 64-Bit Server VM (17.0.7+7-LTS) for windows-amd64 JRE (17.0.7+7-LTS), built on Apr 18 2023 18:14:44 by "" with MS VC++ 15.9 (VS2017)

END.
